Arguments: 
  C:\Program Files\nodejs\node.exe C:\Users\ct67ca\AppData\Roaming\npm\node_modules\yarn\bin\yarn.js install

PATH: 
  C:\Users\ct67ca\PycharmProjects\sgi\venv\Scripts;C:\Program Files (x86)\NVIDIA Corporation\PhysX\Common;C:\Windows\system32;C:\Windows;C:\Windows\System32\Wbem;C:\Windows\System32\WindowsPowerShell\v1.0\;C:\Windows\System32\OpenSSH\;C:\Oracle\Client64\bin;C:\Program Files\RedHat\java-1.8.0-openjdk\missioncontrol\;C:\Program Files\RedHat\java-1.8.0-openjdk\webstart\;C:\Program Files\RedHat\java-1.8.0-openjdk\bin;C:\Program Files\RedHat\java-1.8.0-openjdk\jre\bin;C:\Program Files (x86)\RedHat\java-1.8.0-openjdk\webstart\;C:\Program Files (x86)\RedHat\java-1.8.0-openjdk\bin;C:\Program Files (x86)\RedHat\java-1.8.0-openjdk\jre\bin;C:\Program Files\7-Zip;C:\Program Files (x86)\Windows Kits\10\Windows Performance Toolkit\;C:\Program Files\Git\cmd;C:\Program Files\PuTTY\;C:\Program Files\dotnet\;C:\Program Files (x86)\dotnet\;C:\Program Files (x86)\Microsoft SQL Server\130\Tools\Binn\;C:\Program Files\Microsoft SQL Server\130\Tools\Binn\;C:\Program Files (x86)\Microsoft SQL Server\130\DTS\Binn\;C:\Program Files\Microsoft SQL Server\130\DTS\Binn\;C:\Program Files\Microsoft SQL Server\Client SDK\ODBC\130\Tools\Binn\;C:\Program Files\Microsoft VS Code\bin;C:\Program Files (x86)\Windows Kits\8.1\Windows Performance Toolkit\;C:\Program Files\nodejs\;C:\Users\ct67ca\AppData\Local\Programs\Python\Python39;C:\Users\ct67ca\AppData\Local\Programs\Python\Python39\Scripts;;%SystemRoot%\system32;%SystemRoot%;%SystemRoot%\System32\Wbem;%SYSTEMROOT%\System32\WindowsPowerShell\v1.0\;%SYSTEMROOT%\System32\OpenSSH\;C:\Users\ct67ca\AppData\Local\Programs\Python\Python39\Scripts\;C:\Users\ct67ca\AppData\Local\Programs\Python\Python39\;C:\Users\ct67ca\AppData\Local\Microsoft\WindowsApps;C:\Users\ct67ca\AppData\Roaming\npm;

Yarn version: 
  1.22.11

Node version: 
  14.17.6

Platform: 
  win32 x64

Trace: 
  Error: https://rb-artifactory.bosch.com/artifactory/api/npm/npm-repo/axios: tunneling socket could not be established, cause=getaddrinfo ENOTFOUND 8080
      at ClientRequest.onError (C:\Users\ct67ca\AppData\Roaming\npm\node_modules\yarn\lib\cli.js:152249:17)
      at Object.onceWrapper (events.js:520:26)
      at ClientRequest.emit (events.js:400:28)
      at Socket.socketErrorListener (_http_client.js:475:9)
      at Socket.emit (events.js:400:28)
      at emitErrorNT (internal/streams/destroy.js:106:8)
      at emitErrorCloseNT (internal/streams/destroy.js:74:3)
      at processTicksAndRejections (internal/process/task_queues.js:82:21)

npm manifest: 
  {
    "name": "sgi-vue",
    "version": "0.1.0",
    "private": true,
    "scripts": {
      "serve": "vue-cli-service serve",
      "build": "vue-cli-service build"
    },
    "dependencies": {
      "axios": "^0.22.0",
      "bulma": "^0.9.3",
      "core-js": "^3.6.5",
      "vue": "^3.0.0",
      "vue-router": "^4.0.0-0",
      "vuex": "^4.0.0-0"
    },
    "devDependencies": {
      "@vue/cli-plugin-babel": "~4.5.0",
      "@vue/cli-plugin-router": "~4.5.0",
      "@vue/cli-plugin-vuex": "~4.5.0",
      "@vue/cli-service": "~4.5.0",
      "@vue/compiler-sfc": "^3.0.0",
      "sass": "^1.26.5",
      "sass-loader": "^8.0.2"
    }
  }

yarn manifest: 
  No manifest

Lockfile: 
  No lockfile
